/var/spool/slurmd/job45203972/slurm_script: line 11: cd: global/homes/p/prakharb/FOLPS_JAX/folps/: No such file or directory

Lmod is automatically replacing "cray-mpich/8.1.30" with "openmpi/5.0.7".


Lmod is automatically replacing "openmpi/5.0.7" with "cray-mpich/8.1.30".

2025-11-14 10:11:40.367898: E external/xla/xla/stream_executor/cuda/cuda_driver.cc:282] failed call to cuInit: CUDA_ERROR_NO_DEVICE: no CUDA-capable device is detected
2025-11-14 10:11:40.371112: E external/xla/xla/stream_executor/cuda/cuda_driver.cc:282] failed call to cuInit: CUDA_ERROR_NO_DEVICE: no CUDA-capable device is detected
2025-11-14 10:11:40.371995: E external/xla/xla/stream_executor/cuda/cuda_driver.cc:282] failed call to cuInit: CUDA_ERROR_NO_DEVICE: no CUDA-capable device is detected
2025-11-14 10:11:40.375786: E external/xla/xla/stream_executor/cuda/cuda_driver.cc:282] failed call to cuInit: CUDA_ERROR_NO_DEVICE: no CUDA-capable device is detected
/global/common/software/desi/users/adematti/perlmutter/cosmodesiconda/20240118-1.0.0/code/cosmoprimo/main/lib/python3.10/site-packages/cosmoprimo/eisenstein_hu.py:25: UserWarning: EisensteinHuNoWiggleEngine cannot cope with massive neutrinos
  warnings.warn('{} cannot cope with massive neutrinos'.format(self.__class__.__name__))
/global/common/software/desi/users/adematti/perlmutter/cosmodesiconda/20240118-1.0.0/code/cosmoprimo/main/lib/python3.10/site-packages/cosmoprimo/eisenstein_hu.py:25: UserWarning: EisensteinHuNoWiggleEngine cannot cope with massive neutrinos
  warnings.warn('{} cannot cope with massive neutrinos'.format(self.__class__.__name__))
/global/common/software/desi/users/adematti/perlmutter/cosmodesiconda/20240118-1.0.0/code/cosmoprimo/main/lib/python3.10/site-packages/cosmoprimo/eisenstein_hu.py:25: UserWarning: EisensteinHuNoWiggleEngine cannot cope with massive neutrinos
  warnings.warn('{} cannot cope with massive neutrinos'.format(self.__class__.__name__))
/global/common/software/desi/users/adematti/perlmutter/cosmodesiconda/20240118-1.0.0/code/cosmoprimo/main/lib/python3.10/site-packages/cosmoprimo/eisenstein_hu.py:25: UserWarning: EisensteinHuNoWiggleEngine cannot cope with massive neutrinos
  warnings.warn('{} cannot cope with massive neutrinos'.format(self.__class__.__name__))
/global/u1/p/prakharb/desilike-folps-jax-dev/desilike/__init__.py
⚠️ No GPU found. Using JAX with CPU.
   If you have an NVIDIA GPU, install: pip install -U 'jax[cuda12]'
/global/u1/p/prakharb/FOLPS_JAX/folps/folps.py
/global/u1/p/prakharb/desilike-folps-jax-dev/desilike/__init__.py
Loading matrices from matrices_nfftlog128_Afull_False_remove-DeltaP_False.npy
Loading matrices from matrices_nfftlog128_Afull_False_remove-DeltaP_False.npy
h : uniform[0.5, 0.9]({})
omega_cdm : uniform[0.05, 0.2]({})
omega_b : norm({'loc': 0.02218, 'scale': 0.00055})
logA : uniform[2.0, 4.0]({})
n_s : norm({'loc': 0.9649, 'scale': 0.042})
tau_reio : uniform[0.01, 0.8]({})
m_ncdm : uniform[0.0, 5.0]({})
N_eff : uniform[0.01, 10.0]({})
w0_fld : uniform[-3.0, 1.0]({})
wa_fld : uniform[-3.0, 2.0]({})
Omega_k : uniform[-0.3, 0.3]({})
H0 : uniform({})
Omega_m : uniform({})
sigma8_m : uniform({})
b1p : uniform[1e-05, 10]({})
b2p : uniform[-50, 50]({})
bsp : norm({'loc': 0.0, 'scale': 40.0})
b3p : norm({'loc': 0.0, 'scale': 5.0})
alpha0p : norm({'loc': 0.0, 'scale': 30.0})
alpha2p : norm({'loc': 0.0, 'scale': 30.0})
alpha4p : norm({'loc': 0.0, 'scale': 30.0})
ctp : uniform({})
sn0p : norm({'loc': 0.0, 'scale': 2.0})
sn2p : norm({'loc': 0.0, 'scale': 5.0})
X_FoG_pp : uniform[0, 10]({})
FS emulator 0 already exists, loading it now
FS emulator 1 already exists, loading it now
FS emulator 2 already exists, loading it now
FS emulator 3 already exists, loading it now
FS emulator 4 already exists, loading it now
FS emulator 5 already exists, loading it now
FS theories have been emulated successfully
[000000.21] [0/4] 11-14 10:11  TracerPowerSpectrumMultipolesObservable INFO     Loading 1 file ['/global/cfs/cdirs/desi/survey/catalogs/Y1/LSS/iron/LSScats/v1.5/unblinded/desipipe/baseline_2pt/pk/corrected/pkpoles_corrected_BGS_BRIGHT-21.5_GCcomb_z0.1-0.4_thetacut0.05.npy'].
[000000.45] [0/4] 11-14 10:11  MeshFFTWindow             INFO     Loading /global/cfs/cdirs/desi/survey/catalogs/Y1/LSS/iron/LSScats/v1.5/unblinded/desipipe/baseline_2pt/pk/wmatrix_smooth_BGS_BRIGHT-21.5_GCcomb_z0.1-0.4_thetacut0.05.npy.
/global/u1/p/prakharb/desilike-folps-jax-dev/desilike/__init__.py
⚠️ No GPU found. Using JAX with CPU.
   If you have an NVIDIA GPU, install: pip install -U 'jax[cuda12]'
/global/u1/p/prakharb/FOLPS_JAX/folps/folps.py
/global/u1/p/prakharb/desilike-folps-jax-dev/desilike/__init__.py
Loading matrices from matrices_nfftlog128_Afull_False_remove-DeltaP_False.npy
Loading matrices from matrices_nfftlog128_Afull_False_remove-DeltaP_False.npy
h : uniform[0.5, 0.9]({})
omega_cdm : uniform[0.05, 0.2]({})
omega_b : norm({'loc': 0.02218, 'scale': 0.00055})
logA : uniform[2.0, 4.0]({})
n_s : norm({'loc': 0.9649, 'scale': 0.042})
tau_reio : uniform[0.01, 0.8]({})
m_ncdm : uniform[0.0, 5.0]({})
N_eff : uniform[0.01, 10.0]({})
w0_fld : uniform[-3.0, 1.0]({})
wa_fld : uniform[-3.0, 2.0]({})
Omega_k : uniform[-0.3, 0.3]({})
H0 : uniform({})
Omega_m : uniform({})
sigma8_m : uniform({})
b1p : uniform[1e-05, 10]({})
b2p : uniform[-50, 50]({})
bsp : norm({'loc': 0.0, 'scale': 40.0})
b3p : norm({'loc': 0.0, 'scale': 5.0})
alpha0p : norm({'loc': 0.0, 'scale': 30.0})
alpha2p : norm({'loc': 0.0, 'scale': 30.0})
alpha4p : norm({'loc': 0.0, 'scale': 30.0})
ctp : uniform({})
sn0p : norm({'loc': 0.0, 'scale': 2.0})
sn2p : norm({'loc': 0.0, 'scale': 5.0})
X_FoG_pp : uniform[0, 10]({})
FS emulator 0 already exists, loading it now
FS emulator 1 already exists, loading it now
FS emulator 2 already exists, loading it now
FS emulator 3 already exists, loading it now
FS emulator 4 already exists, loading it now
FS emulator 5 already exists, loading it now
FS theories have been emulated successfully
[000000.48] [3/4] 11-14 10:11  MeshFFTWindow             INFO     Loading /global/cfs/cdirs/desi/survey/catalogs/Y1/LSS/iron/LSScats/v1.5/unblinded/desipipe/baseline_2pt/pk/wmatrix_smooth_BGS_BRIGHT-21.5_GCcomb_z0.1-0.4_thetacut0.05.npy.
/global/u1/p/prakharb/desilike-folps-jax-dev/desilike/__init__.py
⚠️ No GPU found. Using JAX with CPU.
   If you have an NVIDIA GPU, install: pip install -U 'jax[cuda12]'
/global/u1/p/prakharb/FOLPS_JAX/folps/folps.py
/global/u1/p/prakharb/desilike-folps-jax-dev/desilike/__init__.py
Loading matrices from matrices_nfftlog128_Afull_False_remove-DeltaP_False.npy
Loading matrices from matrices_nfftlog128_Afull_False_remove-DeltaP_False.npy
h : uniform[0.5, 0.9]({})
omega_cdm : uniform[0.05, 0.2]({})
omega_b : norm({'loc': 0.02218, 'scale': 0.00055})
logA : uniform[2.0, 4.0]({})
n_s : norm({'loc': 0.9649, 'scale': 0.042})
tau_reio : uniform[0.01, 0.8]({})
m_ncdm : uniform[0.0, 5.0]({})
N_eff : uniform[0.01, 10.0]({})
w0_fld : uniform[-3.0, 1.0]({})
wa_fld : uniform[-3.0, 2.0]({})
Omega_k : uniform[-0.3, 0.3]({})
H0 : uniform({})
Omega_m : uniform({})
sigma8_m : uniform({})
b1p : uniform[1e-05, 10]({})
b2p : uniform[-50, 50]({})
bsp : norm({'loc': 0.0, 'scale': 40.0})
b3p : norm({'loc': 0.0, 'scale': 5.0})
alpha0p : norm({'loc': 0.0, 'scale': 30.0})
alpha2p : norm({'loc': 0.0, 'scale': 30.0})
alpha4p : norm({'loc': 0.0, 'scale': 30.0})
ctp : uniform({})
sn0p : norm({'loc': 0.0, 'scale': 2.0})
sn2p : norm({'loc': 0.0, 'scale': 5.0})
X_FoG_pp : uniform[0, 10]({})
FS emulator 0 already exists, loading it now
FS emulator 1 already exists, loading it now
FS emulator 2 already exists, loading it now
FS emulator 3 already exists, loading it now
FS emulator 4 already exists, loading it now
FS emulator 5 already exists, loading it now
FS theories have been emulated successfully
[000000.48] [1/4] 11-14 10:11  MeshFFTWindow             INFO     Loading /global/cfs/cdirs/desi/survey/catalogs/Y1/LSS/iron/LSScats/v1.5/unblinded/desipipe/baseline_2pt/pk/wmatrix_smooth_BGS_BRIGHT-21.5_GCcomb_z0.1-0.4_thetacut0.05.npy.
/global/u1/p/prakharb/desilike-folps-jax-dev/desilike/__init__.py
⚠️ No GPU found. Using JAX with CPU.
   If you have an NVIDIA GPU, install: pip install -U 'jax[cuda12]'
/global/u1/p/prakharb/FOLPS_JAX/folps/folps.py
/global/u1/p/prakharb/desilike-folps-jax-dev/desilike/__init__.py
Loading matrices from matrices_nfftlog128_Afull_False_remove-DeltaP_False.npy
Loading matrices from matrices_nfftlog128_Afull_False_remove-DeltaP_False.npy
h : uniform[0.5, 0.9]({})
omega_cdm : uniform[0.05, 0.2]({})
omega_b : norm({'loc': 0.02218, 'scale': 0.00055})
logA : uniform[2.0, 4.0]({})
n_s : norm({'loc': 0.9649, 'scale': 0.042})
tau_reio : uniform[0.01, 0.8]({})
m_ncdm : uniform[0.0, 5.0]({})
N_eff : uniform[0.01, 10.0]({})
w0_fld : uniform[-3.0, 1.0]({})
wa_fld : uniform[-3.0, 2.0]({})
Omega_k : uniform[-0.3, 0.3]({})
H0 : uniform({})
Omega_m : uniform({})
sigma8_m : uniform({})
b1p : uniform[1e-05, 10]({})
b2p : uniform[-50, 50]({})
bsp : norm({'loc': 0.0, 'scale': 40.0})
b3p : norm({'loc': 0.0, 'scale': 5.0})
alpha0p : norm({'loc': 0.0, 'scale': 30.0})
alpha2p : norm({'loc': 0.0, 'scale': 30.0})
alpha4p : norm({'loc': 0.0, 'scale': 30.0})
ctp : uniform({})
sn0p : norm({'loc': 0.0, 'scale': 2.0})
sn2p : norm({'loc': 0.0, 'scale': 5.0})
X_FoG_pp : uniform[0, 10]({})
FS emulator 0 already exists, loading it now
FS emulator 1 already exists, loading it now
FS emulator 2 already exists, loading it now
FS emulator 3 already exists, loading it now
FS emulator 4 already exists, loading it now
FS emulator 5 already exists, loading it now
FS theories have been emulated successfully
[000000.48] [2/4] 11-14 10:11  MeshFFTWindow             INFO     Loading /global/cfs/cdirs/desi/survey/catalogs/Y1/LSS/iron/LSScats/v1.5/unblinded/desipipe/baseline_2pt/pk/wmatrix_smooth_BGS_BRIGHT-21.5_GCcomb_z0.1-0.4_thetacut0.05.npy.
[000000.82] [2/4] 11-14 10:11  BaseMatrix                INFO     Loading /global/cfs/cdirs/desi/survey/catalogs/Y1/LSS/iron/LSScats/v1.5/unblinded/desipipe/baseline_2pt/pk/wmatrix_smooth_BGS_BRIGHT-21.5_GCcomb_z0.1-0.4_thetacut0.05.npy.
[000000.82] [0/4] 11-14 10:11  BaseMatrix                INFO     Loading /global/cfs/cdirs/desi/survey/catalogs/Y1/LSS/iron/LSScats/v1.5/unblinded/desipipe/baseline_2pt/pk/wmatrix_smooth_BGS_BRIGHT-21.5_GCcomb_z0.1-0.4_thetacut0.05.npy.
[000000.82] [1/4] 11-14 10:11  BaseMatrix                INFO     Loading /global/cfs/cdirs/desi/survey/catalogs/Y1/LSS/iron/LSScats/v1.5/unblinded/desipipe/baseline_2pt/pk/wmatrix_smooth_BGS_BRIGHT-21.5_GCcomb_z0.1-0.4_thetacut0.05.npy.
[000000.82] [3/4] 11-14 10:11  BaseMatrix                INFO     Loading /global/cfs/cdirs/desi/survey/catalogs/Y1/LSS/iron/LSScats/v1.5/unblinded/desipipe/baseline_2pt/pk/wmatrix_smooth_BGS_BRIGHT-21.5_GCcomb_z0.1-0.4_thetacut0.05.npy.
[000005.57] [0/4] 11-14 10:11  ObservablesGaussianLikelihood INFO     Covariance matrix with 112 points built from 1000 observations.
[000005.57] [0/4] 11-14 10:11  ObservablesGaussianLikelihood INFO     ...resulting in a Hartlap 2007 factor of 0.8869.
[000005.65] [0/4] 11-14 10:11  TracerPowerSpectrumMultipolesObservable INFO     Loading 1 file ['/global/cfs/cdirs/desi/survey/catalogs/Y1/LSS/iron/LSScats/v1.5/unblinded/desipipe/baseline_2pt/pk/corrected/pkpoles_corrected_LRG_GCcomb_z0.4-0.6_thetacut0.05.npy'].
[000005.73] [0/4] 11-14 10:11  MeshFFTWindow             INFO     Loading /global/cfs/cdirs/desi/survey/catalogs/Y1/LSS/iron/LSScats/v1.5/unblinded/desipipe/baseline_2pt/pk/wmatrix_smooth_LRG_GCcomb_z0.4-0.6_thetacut0.05.npy.
[000005.73] [3/4] 11-14 10:11  MeshFFTWindow             INFO     Loading /global/cfs/cdirs/desi/survey/catalogs/Y1/LSS/iron/LSScats/v1.5/unblinded/desipipe/baseline_2pt/pk/wmatrix_smooth_LRG_GCcomb_z0.4-0.6_thetacut0.05.npy.
[000005.73] [1/4] 11-14 10:11  MeshFFTWindow             INFO     Loading /global/cfs/cdirs/desi/survey/catalogs/Y1/LSS/iron/LSScats/v1.5/unblinded/desipipe/baseline_2pt/pk/wmatrix_smooth_LRG_GCcomb_z0.4-0.6_thetacut0.05.npy.
[000005.73] [2/4] 11-14 10:11  MeshFFTWindow             INFO     Loading /global/cfs/cdirs/desi/survey/catalogs/Y1/LSS/iron/LSScats/v1.5/unblinded/desipipe/baseline_2pt/pk/wmatrix_smooth_LRG_GCcomb_z0.4-0.6_thetacut0.05.npy.
[000006.22] [2/4] 11-14 10:12  BaseMatrix                INFO     Loading /global/cfs/cdirs/desi/survey/catalogs/Y1/LSS/iron/LSScats/v1.5/unblinded/desipipe/baseline_2pt/pk/wmatrix_smooth_LRG_GCcomb_z0.4-0.6_thetacut0.05.npy.
[000006.24] [1/4] 11-14 10:12  BaseMatrix                INFO     Loading /global/cfs/cdirs/desi/survey/catalogs/Y1/LSS/iron/LSScats/v1.5/unblinded/desipipe/baseline_2pt/pk/wmatrix_smooth_LRG_GCcomb_z0.4-0.6_thetacut0.05.npy.
[000006.24] [3/4] 11-14 10:12  BaseMatrix                INFO     Loading /global/cfs/cdirs/desi/survey/catalogs/Y1/LSS/iron/LSScats/v1.5/unblinded/desipipe/baseline_2pt/pk/wmatrix_smooth_LRG_GCcomb_z0.4-0.6_thetacut0.05.npy.
[000006.24] [0/4] 11-14 10:12  BaseMatrix                INFO     Loading /global/cfs/cdirs/desi/survey/catalogs/Y1/LSS/iron/LSScats/v1.5/unblinded/desipipe/baseline_2pt/pk/wmatrix_smooth_LRG_GCcomb_z0.4-0.6_thetacut0.05.npy.
[000011.39] [0/4] 11-14 10:12  ObservablesGaussianLikelihood INFO     Covariance matrix with 112 points built from 1000 observations.
[000011.39] [0/4] 11-14 10:12  ObservablesGaussianLikelihood INFO     ...resulting in a Hartlap 2007 factor of 0.8869.
[000011.46] [0/4] 11-14 10:12  TracerPowerSpectrumMultipolesObservable INFO     Loading 1 file ['/global/cfs/cdirs/desi/survey/catalogs/Y1/LSS/iron/LSScats/v1.5/unblinded/desipipe/baseline_2pt/pk/corrected/pkpoles_corrected_LRG_GCcomb_z0.6-0.8_thetacut0.05.npy'].
[000011.54] [0/4] 11-14 10:12  MeshFFTWindow             INFO     Loading /global/cfs/cdirs/desi/survey/catalogs/Y1/LSS/iron/LSScats/v1.5/unblinded/desipipe/baseline_2pt/pk/wmatrix_smooth_LRG_GCcomb_z0.6-0.8_thetacut0.05.npy.
[000011.54] [1/4] 11-14 10:12  MeshFFTWindow             INFO     Loading /global/cfs/cdirs/desi/survey/catalogs/Y1/LSS/iron/LSScats/v1.5/unblinded/desipipe/baseline_2pt/pk/wmatrix_smooth_LRG_GCcomb_z0.6-0.8_thetacut0.05.npy.
[000011.54] [2/4] 11-14 10:12  MeshFFTWindow             INFO     Loading /global/cfs/cdirs/desi/survey/catalogs/Y1/LSS/iron/LSScats/v1.5/unblinded/desipipe/baseline_2pt/pk/wmatrix_smooth_LRG_GCcomb_z0.6-0.8_thetacut0.05.npy.
[000011.54] [3/4] 11-14 10:12  MeshFFTWindow             INFO     Loading /global/cfs/cdirs/desi/survey/catalogs/Y1/LSS/iron/LSScats/v1.5/unblinded/desipipe/baseline_2pt/pk/wmatrix_smooth_LRG_GCcomb_z0.6-0.8_thetacut0.05.npy.
[000011.96] [2/4] 11-14 10:12  BaseMatrix                INFO     Loading /global/cfs/cdirs/desi/survey/catalogs/Y1/LSS/iron/LSScats/v1.5/unblinded/desipipe/baseline_2pt/pk/wmatrix_smooth_LRG_GCcomb_z0.6-0.8_thetacut0.05.npy.
[000011.96] [3/4] 11-14 10:12  BaseMatrix                INFO     Loading /global/cfs/cdirs/desi/survey/catalogs/Y1/LSS/iron/LSScats/v1.5/unblinded/desipipe/baseline_2pt/pk/wmatrix_smooth_LRG_GCcomb_z0.6-0.8_thetacut0.05.npy.
[000011.97] [1/4] 11-14 10:12  BaseMatrix                INFO     Loading /global/cfs/cdirs/desi/survey/catalogs/Y1/LSS/iron/LSScats/v1.5/unblinded/desipipe/baseline_2pt/pk/wmatrix_smooth_LRG_GCcomb_z0.6-0.8_thetacut0.05.npy.
[000011.97] [0/4] 11-14 10:12  BaseMatrix                INFO     Loading /global/cfs/cdirs/desi/survey/catalogs/Y1/LSS/iron/LSScats/v1.5/unblinded/desipipe/baseline_2pt/pk/wmatrix_smooth_LRG_GCcomb_z0.6-0.8_thetacut0.05.npy.
[000017.08] [0/4] 11-14 10:12  ObservablesGaussianLikelihood INFO     Covariance matrix with 112 points built from 1000 observations.
[000017.09] [0/4] 11-14 10:12  ObservablesGaussianLikelihood INFO     ...resulting in a Hartlap 2007 factor of 0.8869.
[000017.15] [0/4] 11-14 10:12  TracerPowerSpectrumMultipolesObservable INFO     Loading 1 file ['/global/cfs/cdirs/desi/survey/catalogs/Y1/LSS/iron/LSScats/v1.5/unblinded/desipipe/baseline_2pt/pk/corrected/pkpoles_corrected_LRG_GCcomb_z0.8-1.1_thetacut0.05.npy'].
[000017.23] [0/4] 11-14 10:12  MeshFFTWindow             INFO     Loading /global/cfs/cdirs/desi/survey/catalogs/Y1/LSS/iron/LSScats/v1.5/unblinded/desipipe/baseline_2pt/pk/wmatrix_smooth_LRG_GCcomb_z0.8-1.1_thetacut0.05.npy.
[000017.23] [1/4] 11-14 10:12  MeshFFTWindow             INFO     Loading /global/cfs/cdirs/desi/survey/catalogs/Y1/LSS/iron/LSScats/v1.5/unblinded/desipipe/baseline_2pt/pk/wmatrix_smooth_LRG_GCcomb_z0.8-1.1_thetacut0.05.npy.
[000017.24] [3/4] 11-14 10:12  MeshFFTWindow             INFO     Loading /global/cfs/cdirs/desi/survey/catalogs/Y1/LSS/iron/LSScats/v1.5/unblinded/desipipe/baseline_2pt/pk/wmatrix_smooth_LRG_GCcomb_z0.8-1.1_thetacut0.05.npy.
[000017.23] [2/4] 11-14 10:12  MeshFFTWindow             INFO     Loading /global/cfs/cdirs/desi/survey/catalogs/Y1/LSS/iron/LSScats/v1.5/unblinded/desipipe/baseline_2pt/pk/wmatrix_smooth_LRG_GCcomb_z0.8-1.1_thetacut0.05.npy.
[000017.61] [3/4] 11-14 10:12  BaseMatrix                INFO     Loading /global/cfs/cdirs/desi/survey/catalogs/Y1/LSS/iron/LSScats/v1.5/unblinded/desipipe/baseline_2pt/pk/wmatrix_smooth_LRG_GCcomb_z0.8-1.1_thetacut0.05.npy.
[000017.61] [1/4] 11-14 10:12  BaseMatrix                INFO     Loading /global/cfs/cdirs/desi/survey/catalogs/Y1/LSS/iron/LSScats/v1.5/unblinded/desipipe/baseline_2pt/pk/wmatrix_smooth_LRG_GCcomb_z0.8-1.1_thetacut0.05.npy.
[000017.61] [2/4] 11-14 10:12  BaseMatrix                INFO     Loading /global/cfs/cdirs/desi/survey/catalogs/Y1/LSS/iron/LSScats/v1.5/unblinded/desipipe/baseline_2pt/pk/wmatrix_smooth_LRG_GCcomb_z0.8-1.1_thetacut0.05.npy.
[000017.64] [0/4] 11-14 10:12  BaseMatrix                INFO     Loading /global/cfs/cdirs/desi/survey/catalogs/Y1/LSS/iron/LSScats/v1.5/unblinded/desipipe/baseline_2pt/pk/wmatrix_smooth_LRG_GCcomb_z0.8-1.1_thetacut0.05.npy.
[000022.77] [0/4] 11-14 10:12  ObservablesGaussianLikelihood INFO     Covariance matrix with 112 points built from 1000 observations.
[000022.77] [0/4] 11-14 10:12  ObservablesGaussianLikelihood INFO     ...resulting in a Hartlap 2007 factor of 0.8869.
[000022.84] [0/4] 11-14 10:12  TracerPowerSpectrumMultipolesObservable INFO     Loading 1 file ['/global/cfs/cdirs/desi/survey/catalogs/Y1/LSS/iron/LSScats/v1.5/unblinded/desipipe/baseline_2pt/pk/corrected/pkpoles_corrected_ELG_LOPnotqso_GCcomb_z1.1-1.6_thetacut0.05.npy'].
[000022.93] [1/4] 11-14 10:12  MeshFFTWindow             INFO     Loading /global/cfs/cdirs/desi/survey/catalogs/Y1/LSS/iron/LSScats/v1.5/unblinded/desipipe/baseline_2pt/pk/wmatrix_smooth_ELG_LOPnotqso_GCcomb_z1.1-1.6_thetacut0.05.npy.
[000022.93] [0/4] 11-14 10:12  MeshFFTWindow             INFO     Loading /global/cfs/cdirs/desi/survey/catalogs/Y1/LSS/iron/LSScats/v1.5/unblinded/desipipe/baseline_2pt/pk/wmatrix_smooth_ELG_LOPnotqso_GCcomb_z1.1-1.6_thetacut0.05.npy.
[000022.93] [3/4] 11-14 10:12  MeshFFTWindow             INFO     Loading /global/cfs/cdirs/desi/survey/catalogs/Y1/LSS/iron/LSScats/v1.5/unblinded/desipipe/baseline_2pt/pk/wmatrix_smooth_ELG_LOPnotqso_GCcomb_z1.1-1.6_thetacut0.05.npy.
[000022.93] [2/4] 11-14 10:12  MeshFFTWindow             INFO     Loading /global/cfs/cdirs/desi/survey/catalogs/Y1/LSS/iron/LSScats/v1.5/unblinded/desipipe/baseline_2pt/pk/wmatrix_smooth_ELG_LOPnotqso_GCcomb_z1.1-1.6_thetacut0.05.npy.
[000023.45] [0/4] 11-14 10:12  BaseMatrix                INFO     Loading /global/cfs/cdirs/desi/survey/catalogs/Y1/LSS/iron/LSScats/v1.5/unblinded/desipipe/baseline_2pt/pk/wmatrix_smooth_ELG_LOPnotqso_GCcomb_z1.1-1.6_thetacut0.05.npy.
[000023.45] [3/4] 11-14 10:12  BaseMatrix                INFO     Loading /global/cfs/cdirs/desi/survey/catalogs/Y1/LSS/iron/LSScats/v1.5/unblinded/desipipe/baseline_2pt/pk/wmatrix_smooth_ELG_LOPnotqso_GCcomb_z1.1-1.6_thetacut0.05.npy.
[000023.46] [1/4] 11-14 10:12  BaseMatrix                INFO     Loading /global/cfs/cdirs/desi/survey/catalogs/Y1/LSS/iron/LSScats/v1.5/unblinded/desipipe/baseline_2pt/pk/wmatrix_smooth_ELG_LOPnotqso_GCcomb_z1.1-1.6_thetacut0.05.npy.
[000023.46] [2/4] 11-14 10:12  BaseMatrix                INFO     Loading /global/cfs/cdirs/desi/survey/catalogs/Y1/LSS/iron/LSScats/v1.5/unblinded/desipipe/baseline_2pt/pk/wmatrix_smooth_ELG_LOPnotqso_GCcomb_z1.1-1.6_thetacut0.05.npy.
[000028.72] [0/4] 11-14 10:12  ObservablesGaussianLikelihood INFO     Covariance matrix with 112 points built from 1000 observations.
[000028.72] [0/4] 11-14 10:12  ObservablesGaussianLikelihood INFO     ...resulting in a Hartlap 2007 factor of 0.8869.
[000028.79] [0/4] 11-14 10:12  TracerPowerSpectrumMultipolesObservable INFO     Loading 1 file ['/global/cfs/cdirs/desi/survey/catalogs/Y1/LSS/iron/LSScats/v1.5/unblinded/desipipe/baseline_2pt/pk/corrected/pkpoles_corrected_QSO_GCcomb_z0.8-2.1_thetacut0.05.npy'].
[000028.87] [3/4] 11-14 10:12  MeshFFTWindow             INFO     Loading /global/cfs/cdirs/desi/survey/catalogs/Y1/LSS/iron/LSScats/v1.5/unblinded/desipipe/baseline_2pt/pk/wmatrix_smooth_QSO_GCcomb_z0.8-2.1_thetacut0.05.npy.
[000028.87] [0/4] 11-14 10:12  MeshFFTWindow             INFO     Loading /global/cfs/cdirs/desi/survey/catalogs/Y1/LSS/iron/LSScats/v1.5/unblinded/desipipe/baseline_2pt/pk/wmatrix_smooth_QSO_GCcomb_z0.8-2.1_thetacut0.05.npy.
[000028.87] [2/4] 11-14 10:12  MeshFFTWindow             INFO     Loading /global/cfs/cdirs/desi/survey/catalogs/Y1/LSS/iron/LSScats/v1.5/unblinded/desipipe/baseline_2pt/pk/wmatrix_smooth_QSO_GCcomb_z0.8-2.1_thetacut0.05.npy.
[000028.87] [1/4] 11-14 10:12  MeshFFTWindow             INFO     Loading /global/cfs/cdirs/desi/survey/catalogs/Y1/LSS/iron/LSScats/v1.5/unblinded/desipipe/baseline_2pt/pk/wmatrix_smooth_QSO_GCcomb_z0.8-2.1_thetacut0.05.npy.
[000029.38] [1/4] 11-14 10:12  BaseMatrix                INFO     Loading /global/cfs/cdirs/desi/survey/catalogs/Y1/LSS/iron/LSScats/v1.5/unblinded/desipipe/baseline_2pt/pk/wmatrix_smooth_QSO_GCcomb_z0.8-2.1_thetacut0.05.npy.
[000029.39] [3/4] 11-14 10:12  BaseMatrix                INFO     Loading /global/cfs/cdirs/desi/survey/catalogs/Y1/LSS/iron/LSScats/v1.5/unblinded/desipipe/baseline_2pt/pk/wmatrix_smooth_QSO_GCcomb_z0.8-2.1_thetacut0.05.npy.
[000029.39] [0/4] 11-14 10:12  BaseMatrix                INFO     Loading /global/cfs/cdirs/desi/survey/catalogs/Y1/LSS/iron/LSScats/v1.5/unblinded/desipipe/baseline_2pt/pk/wmatrix_smooth_QSO_GCcomb_z0.8-2.1_thetacut0.05.npy.
[000029.39] [2/4] 11-14 10:12  BaseMatrix                INFO     Loading /global/cfs/cdirs/desi/survey/catalogs/Y1/LSS/iron/LSScats/v1.5/unblinded/desipipe/baseline_2pt/pk/wmatrix_smooth_QSO_GCcomb_z0.8-2.1_thetacut0.05.npy.
[000034.71] [0/4] 11-14 10:12  ObservablesGaussianLikelihood INFO     Covariance matrix with 112 points built from 1000 observations.
[000034.71] [0/4] 11-14 10:12  ObservablesGaussianLikelihood INFO     ...resulting in a Hartlap 2007 factor of 0.8869.
/global/u1/p/prakharb/desilike-folps-jax-dev/desilike/base.py:447: UserWarning: Derived parameter H0 of <desilike.theories.galaxy_clustering.full_shape.FOLPSv2PowerSpectrumMultipoles object at 0x7f58005ad030> is already derived in <desilike.theories.galaxy_clustering.full_shape.FOLPSv2PowerSpectrumMultipoles object at 0x7f58003938b0>.
  if self.mpicomm.rank == 0: warnings.warn(msg)
/global/u1/p/prakharb/desilike-folps-jax-dev/desilike/base.py:447: UserWarning: Derived parameter Omega_m of <desilike.theories.galaxy_clustering.full_shape.FOLPSv2PowerSpectrumMultipoles object at 0x7f58005ad030> is already derived in <desilike.theories.galaxy_clustering.full_shape.FOLPSv2PowerSpectrumMultipoles object at 0x7f58003938b0>.
  if self.mpicomm.rank == 0: warnings.warn(msg)
/global/u1/p/prakharb/desilike-folps-jax-dev/desilike/base.py:447: UserWarning: Derived parameter sigma8_m of <desilike.theories.galaxy_clustering.full_shape.FOLPSv2PowerSpectrumMultipoles object at 0x7f58005ad030> is already derived in <desilike.theories.galaxy_clustering.full_shape.FOLPSv2PowerSpectrumMultipoles object at 0x7f58003938b0>.
  if self.mpicomm.rank == 0: warnings.warn(msg)
/global/u1/p/prakharb/desilike-folps-jax-dev/desilike/base.py:447: UserWarning: Derived parameter loglikelihood of <desilike.likelihoods.base.ObservablesGaussianLikelihood object at 0x7f58005009a0> is already derived in <desilike.likelihoods.base.ObservablesGaussianLikelihood object at 0x7f58005010f0>.
  if self.mpicomm.rank == 0: warnings.warn(msg)
/global/u1/p/prakharb/desilike-folps-jax-dev/desilike/base.py:447: UserWarning: Derived parameter logprior of <desilike.likelihoods.base.ObservablesGaussianLikelihood object at 0x7f58005009a0> is already derived in <desilike.likelihoods.base.ObservablesGaussianLikelihood object at 0x7f58005010f0>.
  if self.mpicomm.rank == 0: warnings.warn(msg)
/global/u1/p/prakharb/desilike-folps-jax-dev/desilike/base.py:447: UserWarning: Derived parameter H0 of <desilike.theories.galaxy_clustering.full_shape.FOLPSv2PowerSpectrumMultipoles object at 0x7f58005667a0> is already derived in <desilike.theories.galaxy_clustering.full_shape.FOLPSv2PowerSpectrumMultipoles object at 0x7f58005ad030>.
  if self.mpicomm.rank == 0: warnings.warn(msg)
/global/u1/p/prakharb/desilike-folps-jax-dev/desilike/base.py:447: UserWarning: Derived parameter Omega_m of <desilike.theories.galaxy_clustering.full_shape.FOLPSv2PowerSpectrumMultipoles object at 0x7f58005667a0> is already derived in <desilike.theories.galaxy_clustering.full_shape.FOLPSv2PowerSpectrumMultipoles object at 0x7f58005ad030>.
  if self.mpicomm.rank == 0: warnings.warn(msg)
/global/u1/p/prakharb/desilike-folps-jax-dev/desilike/base.py:447: UserWarning: Derived parameter sigma8_m of <desilike.theories.galaxy_clustering.full_shape.FOLPSv2PowerSpectrumMultipoles object at 0x7f58005667a0> is already derived in <desilike.theories.galaxy_clustering.full_shape.FOLPSv2PowerSpectrumMultipoles object at 0x7f58005ad030>.
  if self.mpicomm.rank == 0: warnings.warn(msg)
/global/u1/p/prakharb/desilike-folps-jax-dev/desilike/base.py:447: UserWarning: Derived parameter loglikelihood of <desilike.likelihoods.base.ObservablesGaussianLikelihood object at 0x7f5800500250> is already derived in <desilike.likelihoods.base.ObservablesGaussianLikelihood object at 0x7f58005009a0>.
  if self.mpicomm.rank == 0: warnings.warn(msg)
/global/u1/p/prakharb/desilike-folps-jax-dev/desilike/base.py:447: UserWarning: Derived parameter logprior of <desilike.likelihoods.base.ObservablesGaussianLikelihood object at 0x7f5800500250> is already derived in <desilike.likelihoods.base.ObservablesGaussianLikelihood object at 0x7f58005009a0>.
  if self.mpicomm.rank == 0: warnings.warn(msg)
/global/u1/p/prakharb/desilike-folps-jax-dev/desilike/base.py:447: UserWarning: Derived parameter H0 of <desilike.theories.galaxy_clustering.full_shape.FOLPSv2PowerSpectrumMultipoles object at 0x7f580052bf10> is already derived in <desilike.theories.galaxy_clustering.full_shape.FOLPSv2PowerSpectrumMultipoles object at 0x7f58005667a0>.
  if self.mpicomm.rank == 0: warnings.warn(msg)
/global/u1/p/prakharb/desilike-folps-jax-dev/desilike/base.py:447: UserWarning: Derived parameter Omega_m of <desilike.theories.galaxy_clustering.full_shape.FOLPSv2PowerSpectrumMultipoles object at 0x7f580052bf10> is already derived in <desilike.theories.galaxy_clustering.full_shape.FOLPSv2PowerSpectrumMultipoles object at 0x7f58005667a0>.
  if self.mpicomm.rank == 0: warnings.warn(msg)
/global/u1/p/prakharb/desilike-folps-jax-dev/desilike/base.py:447: UserWarning: Derived parameter sigma8_m of <desilike.theories.galaxy_clustering.full_shape.FOLPSv2PowerSpectrumMultipoles object at 0x7f580052bf10> is already derived in <desilike.theories.galaxy_clustering.full_shape.FOLPSv2PowerSpectrumMultipoles object at 0x7f58005667a0>.
  if self.mpicomm.rank == 0: warnings.warn(msg)
/global/u1/p/prakharb/desilike-folps-jax-dev/desilike/base.py:447: UserWarning: Derived parameter loglikelihood of <desilike.likelihoods.base.ObservablesGaussianLikelihood object at 0x7f58003935e0> is already derived in <desilike.likelihoods.base.ObservablesGaussianLikelihood object at 0x7f5800500250>.
  if self.mpicomm.rank == 0: warnings.warn(msg)
/global/u1/p/prakharb/desilike-folps-jax-dev/desilike/base.py:447: UserWarning: Derived parameter logprior of <desilike.likelihoods.base.ObservablesGaussianLikelihood object at 0x7f58003935e0> is already derived in <desilike.likelihoods.base.ObservablesGaussianLikelihood object at 0x7f5800500250>.
  if self.mpicomm.rank == 0: warnings.warn(msg)
/global/u1/p/prakharb/desilike-folps-jax-dev/desilike/base.py:447: UserWarning: Derived parameter H0 of <desilike.theories.galaxy_clustering.full_shape.FOLPSv2PowerSpectrumMultipoles object at 0x7f5800509690> is already derived in <desilike.theories.galaxy_clustering.full_shape.FOLPSv2PowerSpectrumMultipoles object at 0x7f580052bf10>.
  if self.mpicomm.rank == 0: warnings.warn(msg)
/global/u1/p/prakharb/desilike-folps-jax-dev/desilike/base.py:447: UserWarning: Derived parameter Omega_m of <desilike.theories.galaxy_clustering.full_shape.FOLPSv2PowerSpectrumMultipoles object at 0x7f5800509690> is already derived in <desilike.theories.galaxy_clustering.full_shape.FOLPSv2PowerSpectrumMultipoles object at 0x7f580052bf10>.
  if self.mpicomm.rank == 0: warnings.warn(msg)
/global/u1/p/prakharb/desilike-folps-jax-dev/desilike/base.py:447: UserWarning: Derived parameter sigma8_m of <desilike.theories.galaxy_clustering.full_shape.FOLPSv2PowerSpectrumMultipoles object at 0x7f5800509690> is already derived in <desilike.theories.galaxy_clustering.full_shape.FOLPSv2PowerSpectrumMultipoles object at 0x7f580052bf10>.
  if self.mpicomm.rank == 0: warnings.warn(msg)
/global/u1/p/prakharb/desilike-folps-jax-dev/desilike/base.py:447: UserWarning: Derived parameter loglikelihood of <desilike.likelihoods.base.ObservablesGaussianLikelihood object at 0x7f58003b3a90> is already derived in <desilike.likelihoods.base.ObservablesGaussianLikelihood object at 0x7f58003935e0>.
  if self.mpicomm.rank == 0: warnings.warn(msg)
/global/u1/p/prakharb/desilike-folps-jax-dev/desilike/base.py:447: UserWarning: Derived parameter logprior of <desilike.likelihoods.base.ObservablesGaussianLikelihood object at 0x7f58003b3a90> is already derived in <desilike.likelihoods.base.ObservablesGaussianLikelihood object at 0x7f58003935e0>.
  if self.mpicomm.rank == 0: warnings.warn(msg)
/global/u1/p/prakharb/desilike-folps-jax-dev/desilike/base.py:447: UserWarning: Derived parameter H0 of <desilike.theories.galaxy_clustering.full_shape.FOLPSv2PowerSpectrumMultipoles object at 0x7f5800667130> is already derived in <desilike.theories.galaxy_clustering.full_shape.FOLPSv2PowerSpectrumMultipoles object at 0x7f5800509690>.
  if self.mpicomm.rank == 0: warnings.warn(msg)
/global/u1/p/prakharb/desilike-folps-jax-dev/desilike/base.py:447: UserWarning: Derived parameter Omega_m of <desilike.theories.galaxy_clustering.full_shape.FOLPSv2PowerSpectrumMultipoles object at 0x7f5800667130> is already derived in <desilike.theories.galaxy_clustering.full_shape.FOLPSv2PowerSpectrumMultipoles object at 0x7f5800509690>.
  if self.mpicomm.rank == 0: warnings.warn(msg)
/global/u1/p/prakharb/desilike-folps-jax-dev/desilike/base.py:447: UserWarning: Derived parameter sigma8_m of <desilike.theories.galaxy_clustering.full_shape.FOLPSv2PowerSpectrumMultipoles object at 0x7f5800667130> is already derived in <desilike.theories.galaxy_clustering.full_shape.FOLPSv2PowerSpectrumMultipoles object at 0x7f5800509690>.
  if self.mpicomm.rank == 0: warnings.warn(msg)
/global/u1/p/prakharb/desilike-folps-jax-dev/desilike/base.py:447: UserWarning: Derived parameter loglikelihood of <desilike.likelihoods.base.ObservablesGaussianLikelihood object at 0x7f58003b3310> is already derived in <desilike.likelihoods.base.ObservablesGaussianLikelihood object at 0x7f58003b3a90>.
  if self.mpicomm.rank == 0: warnings.warn(msg)
/global/u1/p/prakharb/desilike-folps-jax-dev/desilike/base.py:447: UserWarning: Derived parameter logprior of <desilike.likelihoods.base.ObservablesGaussianLikelihood object at 0x7f58003b3310> is already derived in <desilike.likelihoods.base.ObservablesGaussianLikelihood object at 0x7f58003b3a90>.
  if self.mpicomm.rank == 0: warnings.warn(msg)
/global/u1/p/prakharb/desilike-folps-jax-dev/desilike/base.py:447: UserWarning: Derived parameter loglikelihood of <desilike.likelihoods.base.SumLikelihood object at 0x7f5800501810> is already derived in <desilike.likelihoods.base.ObservablesGaussianLikelihood object at 0x7f58003b3310>.
  if self.mpicomm.rank == 0: warnings.warn(msg)
/global/u1/p/prakharb/desilike-folps-jax-dev/desilike/base.py:447: UserWarning: Derived parameter logprior of <desilike.likelihoods.base.SumLikelihood object at 0x7f5800501810> is already derived in <desilike.likelihoods.base.ObservablesGaussianLikelihood object at 0x7f58003b3310>.
  if self.mpicomm.rank == 0: warnings.warn(msg)
[000034.81] [0/4] 11-14 10:12  ObservablesGaussianLikelihood INFO     Covariance matrix with 112 points built from 1000 observations, varying 14 parameters.
[000034.81] [0/4] 11-14 10:12  ObservablesGaussianLikelihood INFO     ...resulting in a Percival 2014 factor of 1.0922.
[000034.82] [0/4] 11-14 10:12  ObservablesGaussianLikelihood INFO     Covariance matrix with 112 points built from 1000 observations, varying 14 parameters.
[000034.82] [0/4] 11-14 10:12  ObservablesGaussianLikelihood INFO     ...resulting in a Percival 2014 factor of 1.0922.
[000034.82] [0/4] 11-14 10:12  ObservablesGaussianLikelihood INFO     Covariance matrix with 112 points built from 1000 observations, varying 14 parameters.
[000034.82] [0/4] 11-14 10:12  ObservablesGaussianLikelihood INFO     ...resulting in a Percival 2014 factor of 1.0922.
[000034.82] [0/4] 11-14 10:12  ObservablesGaussianLikelihood INFO     Covariance matrix with 112 points built from 1000 observations, varying 14 parameters.
[000034.82] [0/4] 11-14 10:12  ObservablesGaussianLikelihood INFO     ...resulting in a Percival 2014 factor of 1.0922.
[000034.82] [0/4] 11-14 10:12  ObservablesGaussianLikelihood INFO     Covariance matrix with 112 points built from 1000 observations, varying 14 parameters.
[000034.82] [0/4] 11-14 10:12  ObservablesGaussianLikelihood INFO     ...resulting in a Percival 2014 factor of 1.0922.
[000034.82] [0/4] 11-14 10:12  ObservablesGaussianLikelihood INFO     Covariance matrix with 112 points built from 1000 observations, varying 14 parameters.
[000034.82] [0/4] 11-14 10:12  ObservablesGaussianLikelihood INFO     ...resulting in a Percival 2014 factor of 1.0922.
likelihood:  -1139.0535976302015
Test Successful!
[000085.44] [0/4] 11-14 10:13  MCMCSampler               INFO     Varied parameters: ['h', 'omega_cdm', 'omega_b', 'logA', 'n_s', 'QSO.b1p', 'QSO.b2p', 'QSO.bsp', 'QSO.X_FoG_pp', 'ELG.b1p', 'ELG.b2p', 'ELG.bsp', 'ELG.X_FoG_pp', 'LRG3.b1p', 'LRG3.b2p', 'LRG3.bsp', 'LRG3.X_FoG_pp', 'LRG2.b1p', 'LRG2.b2p', 'LRG2.bsp', 'LRG2.X_FoG_pp', 'LRG1.b1p', 'LRG1.b2p', 'LRG1.bsp', 'LRG1.X_FoG_pp', 'BGS.b1p', 'BGS.b2p', 'BGS.bsp', 'BGS.X_FoG_pp'].
[000091.86] [0/4] 11-14 10:13  BasePipeline              INFO     Found speeds:
[000091.86] [0/4] 11-14 10:13  BasePipeline              INFO     - <desilike.theories.galaxy_clustering.full_shape.FOLPSv2PowerSpectrumMultipoles object at 0x7f58003938b0>: 45.91 iterations / second - 0.022 s / iteration
[000091.86] [0/4] 11-14 10:13  BasePipeline              INFO     - <desilike.theories.galaxy_clustering.full_shape.FOLPSv2TracerPowerSpectrumMultipoles object at 0x7f5800774a00>: 111.32 iterations / second - 0.009 s / iteration
[000091.86] [0/4] 11-14 10:13  BasePipeline              INFO     - <desilike.observables.galaxy_clustering.window.WindowedPowerSpectrumMultipoles object at 0x7f5800385ab0>: 1548.60 iterations / second - 0.001 s / iteration
[000091.86] [0/4] 11-14 10:13  BasePipeline              INFO     - <desilike.observables.galaxy_clustering.power_spectrum.TracerPowerSpectrumMultipolesObservable object at 0x7f58006649a0>: 213450.59 iterations / second - 0.000 s / iteration
[000091.86] [0/4] 11-14 10:13  BasePipeline              INFO     - <desilike.likelihoods.base.ObservablesGaussianLikelihood object at 0x7f58005010f0>: 1043.74 iterations / second - 0.001 s / iteration
[000091.86] [0/4] 11-14 10:13  BasePipeline              INFO     - <desilike.theories.galaxy_clustering.full_shape.FOLPSv2PowerSpectrumMultipoles object at 0x7f58005ad030>: 45.86 iterations / second - 0.022 s / iteration
[000091.86] [0/4] 11-14 10:13  BasePipeline              INFO     - <desilike.theories.galaxy_clustering.full_shape.FOLPSv2TracerPowerSpectrumMultipoles object at 0x7f58203ac670>: 112.75 iterations / second - 0.009 s / iteration
[000091.86] [0/4] 11-14 10:13  BasePipeline              INFO     - <desilike.observables.galaxy_clustering.window.WindowedPowerSpectrumMultipoles object at 0x7f57e0677eb0>: 1586.07 iterations / second - 0.001 s / iteration
[000091.86] [0/4] 11-14 10:13  BasePipeline              INFO     - <desilike.observables.galaxy_clustering.power_spectrum.TracerPowerSpectrumMultipolesObservable object at 0x7f5800793370>: 224394.33 iterations / second - 0.000 s / iteration
[000091.86] [0/4] 11-14 10:13  BasePipeline              INFO     - <desilike.likelihoods.base.ObservablesGaussianLikelihood object at 0x7f58005009a0>: 1056.91 iterations / second - 0.001 s / iteration
[000091.86] [0/4] 11-14 10:13  BasePipeline              INFO     - <desilike.theories.galaxy_clustering.full_shape.FOLPSv2PowerSpectrumMultipoles object at 0x7f58005667a0>: 45.99 iterations / second - 0.022 s / iteration
[000091.86] [0/4] 11-14 10:13  BasePipeline              INFO     - <desilike.theories.galaxy_clustering.full_shape.FOLPSv2TracerPowerSpectrumMultipoles object at 0x7f5820390a60>: 113.17 iterations / second - 0.009 s / iteration
[000091.86] [0/4] 11-14 10:13  BasePipeline              INFO     - <desilike.observables.galaxy_clustering.window.WindowedPowerSpectrumMultipoles object at 0x7f58005549d0>: 1575.66 iterations / second - 0.001 s / iteration
[000091.86] [0/4] 11-14 10:13  BasePipeline              INFO     - <desilike.observables.galaxy_clustering.power_spectrum.TracerPowerSpectrumMultipolesObservable object at 0x7f58007aa260>: 219980.98 iterations / second - 0.000 s / iteration
[000091.86] [0/4] 11-14 10:13  BasePipeline              INFO     - <desilike.likelihoods.base.ObservablesGaussianLikelihood object at 0x7f5800500250>: 1051.79 iterations / second - 0.001 s / iteration
[000091.86] [0/4] 11-14 10:13  BasePipeline              INFO     - <desilike.theories.galaxy_clustering.full_shape.FOLPSv2PowerSpectrumMultipoles object at 0x7f580052bf10>: 45.65 iterations / second - 0.022 s / iteration
[000091.86] [0/4] 11-14 10:13  BasePipeline              INFO     - <desilike.theories.galaxy_clustering.full_shape.FOLPSv2TracerPowerSpectrumMultipoles object at 0x7f58203c3b50>: 112.91 iterations / second - 0.009 s / iteration
[000091.86] [0/4] 11-14 10:13  BasePipeline              INFO     - <desilike.observables.galaxy_clustering.window.WindowedPowerSpectrumMultipoles object at 0x7f580051a200>: 1572.46 iterations / second - 0.001 s / iteration
[000091.86] [0/4] 11-14 10:13  BasePipeline              INFO     - <desilike.observables.galaxy_clustering.power_spectrum.TracerPowerSpectrumMultipolesObservable object at 0x7f58007aa290>: 222214.78 iterations / second - 0.000 s / iteration
[000091.86] [0/4] 11-14 10:13  BasePipeline              INFO     - <desilike.likelihoods.base.ObservablesGaussianLikelihood object at 0x7f58003935e0>: 1055.22 iterations / second - 0.001 s / iteration
[000091.86] [0/4] 11-14 10:13  BasePipeline              INFO     - <desilike.theories.galaxy_clustering.full_shape.FOLPSv2PowerSpectrumMultipoles object at 0x7f5800509690>: 45.58 iterations / second - 0.022 s / iteration
[000091.86] [0/4] 11-14 10:13  BasePipeline              INFO     - <desilike.theories.galaxy_clustering.full_shape.FOLPSv2TracerPowerSpectrumMultipoles object at 0x7f58203ae320>: 113.29 iterations / second - 0.009 s / iteration
[000091.86] [0/4] 11-14 10:13  BasePipeline              INFO     - <desilike.observables.galaxy_clustering.window.WindowedPowerSpectrumMultipoles object at 0x7f5800696470>: 1580.07 iterations / second - 0.001 s / iteration
[000091.86] [0/4] 11-14 10:13  BasePipeline              INFO     - <desilike.observables.galaxy_clustering.power_spectrum.TracerPowerSpectrumMultipolesObservable object at 0x7f58007a8b80>: 217321.45 iterations / second - 0.000 s / iteration
[000091.86] [0/4] 11-14 10:13  BasePipeline              INFO     - <desilike.likelihoods.base.ObservablesGaussianLikelihood object at 0x7f58003b3a90>: 1061.61 iterations / second - 0.001 s / iteration
[000091.86] [0/4] 11-14 10:13  BasePipeline              INFO     - <desilike.theories.galaxy_clustering.full_shape.FOLPSv2PowerSpectrumMultipoles object at 0x7f5800667130>: 45.55 iterations / second - 0.022 s / iteration
[000091.86] [0/4] 11-14 10:13  BasePipeline              INFO     - <desilike.theories.galaxy_clustering.full_shape.FOLPSv2TracerPowerSpectrumMultipoles object at 0x7f5820382140>: 113.10 iterations / second - 0.009 s / iteration
[000091.86] [0/4] 11-14 10:13  BasePipeline              INFO     - <desilike.observables.galaxy_clustering.window.WindowedPowerSpectrumMultipoles object at 0x7f57e060a7a0>: 1586.55 iterations / second - 0.001 s / iteration
[000091.86] [0/4] 11-14 10:13  BasePipeline              INFO     - <desilike.observables.galaxy_clustering.power_spectrum.TracerPowerSpectrumMultipolesObservable object at 0x7f5800645540>: 218169.26 iterations / second - 0.000 s / iteration
[000091.86] [0/4] 11-14 10:13  BasePipeline              INFO     - <desilike.likelihoods.base.ObservablesGaussianLikelihood object at 0x7f58003b3310>: 1061.09 iterations / second - 0.001 s / iteration
[000091.86] [0/4] 11-14 10:13  BasePipeline              INFO     - <desilike.likelihoods.base.SumLikelihood object at 0x7f5800501810>: 1088.98 iterations / second - 0.001 s / iteration
[000091.86] [0/4] 11-14 10:13  BasePipeline              INFO     - total speed: 5.13 iterations / second - 0.1948 s / iteration
[000091.97] [0/4] 11-14 10:13  MCMCSampler               INFO     Oversampling with factors:
[000091.97] [0/4] 11-14 10:13  MCMCSampler               INFO     1: ['h', 'omega_cdm', 'omega_b', 'logA', 'n_s']
[000091.97] [0/4] 11-14 10:13  MCMCSampler               INFO     1: ['QSO.b1p', 'QSO.b2p', 'QSO.bsp', 'QSO.X_FoG_pp']
[000091.97] [0/4] 11-14 10:13  MCMCSampler               INFO     1: ['ELG.b1p', 'ELG.b2p', 'ELG.bsp', 'ELG.X_FoG_pp']
[000091.97] [0/4] 11-14 10:13  MCMCSampler               INFO     1: ['LRG2.b1p', 'LRG2.b2p', 'LRG2.bsp', 'LRG2.X_FoG_pp']
[000091.97] [0/4] 11-14 10:13  MCMCSampler               INFO     2: ['LRG3.b1p', 'LRG3.b2p', 'LRG3.bsp', 'LRG3.X_FoG_pp']
[000091.97] [0/4] 11-14 10:13  MCMCSampler               INFO     2: ['BGS.b1p', 'BGS.b2p', 'BGS.bsp', 'BGS.X_FoG_pp']
[000091.97] [0/4] 11-14 10:13  MCMCSampler               INFO     3: ['LRG1.b1p', 'LRG1.b2p', 'LRG1.bsp', 'LRG1.X_FoG_pp']
[000091.99] [0/4] 11-14 10:13  MCMCSampler               INFO     Using provided covariance matrix.
[000152.66] [0/4] 11-14 10:14  MCMCSampler               INFO     Successfully vmap input likelihood.
[000242.61] [0/4] 11-14 10:15  MCMCSampler               INFO     Successfully jit input likelihood.
[000284.47] [0/4] 11-14 10:16  MCMCSampler               INFO     873 steps, acceptance rate 0.171.
[000314.64] [0/4] 11-14 10:17  MCMCSampler               INFO     1724 steps, acceptance rate 0.161.
[000321.51] [0/4] 11-14 10:17  Chain                     INFO     Saving /global/cfs/cdirs/desicollab/users/prakharb/folpsD_paper_chains/y1_chains/base/correct_measurements/MCMC-fs_klim_0-0.02-0.301_2-0.02-0.301-all-GCcomb_schoneberg2024-bbn_planck2018-ns10_physical-prior_LCDM_folpsD_Ano_eft_30_ACPT.
[000321.68] [0/4] 11-14 10:17  MCMCSampler               INFO     Diagnostics:
[000321.80] [0/4] 11-14 10:17  Diagnostics               INFO     - max eigen Gelman-Rubin - 1 is 747; not < 0.03.
[000321.92] [0/4] 11-14 10:17  Diagnostics               INFO     - max diag Gelman-Rubin - 1 is 31.
[000322.28] [0/4] 11-14 10:17  Diagnostics               INFO     - max diag Gelman-Rubin - 1 at 1.0 sigmas is 35.9.
/global/u1/p/prakharb/desilike-folps-jax-dev/desilike/samples/diagnostics.py:339: RuntimeWarning: divide by zero encountered in scalar divide
  diff /= (np.cov(value_first, aweights=aweight_first, fweights=fweight_first) + np.cov(value_last, aweights=aweight_last, fweights=fweight_last))**0.5
/global/u1/p/prakharb/desilike-folps-jax-dev/desilike/samples/diagnostics.py:339: RuntimeWarning: invalid value encountered in scalar divide
  diff /= (np.cov(value_first, aweights=aweight_first, fweights=fweight_first) + np.cov(value_last, aweights=aweight_last, fweights=fweight_last))**0.5
[000322.36] [0/4] 11-14 10:17  Diagnostics               INFO     - max Geweke is nan.
[000322.36] [0/4] 11-14 10:17  Diagnostics               INFO     - Geweke p-value is nan.
[000322.38] [0/4] 11-14 10:17  Diagnostics               INFO     - effective sample size = (150 iterations / integrated autocorrelation time) is 8.46.
[000322.39] [0/4] 11-14 10:17  Diagnostics               INFO     - current mean acceptance rate is 0.154.
[000322.39] [0/4] 11-14 10:17  Diagnostics               INFO     - total mean acceptance rate is 0.154.
[000322.48] [0/4] 11-14 10:17  MCMCSampler               INFO     New proposal covariance is ill-conditioned, skipping update.
[000352.67] [0/4] 11-14 10:17  MCMCSampler               INFO     887 steps, acceptance rate 0.152.
[000383.10] [0/4] 11-14 10:18  MCMCSampler               INFO     1759 steps, acceptance rate 0.150.
[000392.55] [0/4] 11-14 10:18  Chain                     INFO     Saving /global/cfs/cdirs/desicollab/users/prakharb/folpsD_paper_chains/y1_chains/base/correct_measurements/MCMC-fs_klim_0-0.02-0.301_2-0.02-0.301-all-GCcomb_schoneberg2024-bbn_planck2018-ns10_physical-prior_LCDM_folpsD_Ano_eft_30_ACPT.
[000392.66] [0/4] 11-14 10:18  MCMCSampler               INFO     Diagnostics:
[000392.78] [0/4] 11-14 10:18  Diagnostics               INFO     - max eigen Gelman-Rubin - 1 is 326; not < 0.03.
[000392.90] [0/4] 11-14 10:18  Diagnostics               INFO     - max diag Gelman-Rubin - 1 is 19.1.
[000393.28] [0/4] 11-14 10:18  Diagnostics               INFO     - max diag Gelman-Rubin - 1 at 1.0 sigmas is 25.6.
[000393.35] [0/4] 11-14 10:18  Diagnostics               INFO     - max Geweke is inf.
/global/common/software/desi/users/adematti/perlmutter/cosmodesiconda/20240118-1.0.0/conda/lib/python3.10/site-packages/scipy/stats/_stats_py.py:1070: RuntimeWarning: invalid value encountered in subtract
  a_zero_mean = a - mean
[000393.36] [0/4] 11-14 10:18  Diagnostics               INFO     - Geweke p-value is nan.
[000393.38] [0/4] 11-14 10:18  Diagnostics               INFO     - effective sample size = (300 iterations / integrated autocorrelation time) is 8.08.
[000393.38] [0/4] 11-14 10:18  Diagnostics               INFO     - max variation of integrated autocorrelation time is 0.822.
[000393.38] [0/4] 11-14 10:18  Diagnostics               INFO     - current mean acceptance rate is 0.146.
[000393.38] [0/4] 11-14 10:18  Diagnostics               INFO     - total mean acceptance rate is 0.15.
[000393.48] [0/4] 11-14 10:18  MCMCSampler               INFO     Updating proposal covariance.
[000423.66] [0/4] 11-14 10:18  MCMCSampler               INFO     520 steps, acceptance rate 0.487.
[000429.00] [0/4] 11-14 10:19  Chain                     INFO     Saving /global/cfs/cdirs/desicollab/users/prakharb/folpsD_paper_chains/y1_chains/base/correct_measurements/MCMC-fs_klim_0-0.02-0.301_2-0.02-0.301-all-GCcomb_schoneberg2024-bbn_planck2018-ns10_physical-prior_LCDM_folpsD_Ano_eft_30_ACPT.
[000429.11] [0/4] 11-14 10:19  MCMCSampler               INFO     Diagnostics:
[000429.23] [0/4] 11-14 10:19  Diagnostics               INFO     - max eigen Gelman-Rubin - 1 is 84.5; not < 0.03.
[000429.35] [0/4] 11-14 10:19  Diagnostics               INFO     - max diag Gelman-Rubin - 1 is 7.69.
[000429.75] [0/4] 11-14 10:19  Diagnostics               INFO     - max diag Gelman-Rubin - 1 at 1.0 sigmas is 9.79.
[000429.82] [0/4] 11-14 10:19  Diagnostics               INFO     - max Geweke is 10.3.
[000429.82] [0/4] 11-14 10:19  Diagnostics               INFO     - Geweke p-value is 1.11e-12.
[000429.84] [0/4] 11-14 10:19  Diagnostics               INFO     - effective sample size = (450 iterations / integrated autocorrelation time) is 8.82.
[000429.84] [0/4] 11-14 10:19  Diagnostics               INFO     - max variation of integrated autocorrelation time is 1.08.
[000429.84] [0/4] 11-14 10:19  Diagnostics               INFO     - current mean acceptance rate is 0.493.
[000429.84] [0/4] 11-14 10:19  Diagnostics               INFO     - total mean acceptance rate is 0.196.
[000429.94] [0/4] 11-14 10:19  MCMCSampler               INFO     Updating proposal covariance.
[000459.99] [0/4] 11-14 10:19  MCMCSampler               INFO     578 steps, acceptance rate 0.426.
[000468.06] [0/4] 11-14 10:19  Chain                     INFO     Saving /global/cfs/cdirs/desicollab/users/prakharb/folpsD_paper_chains/y1_chains/base/correct_measurements/MCMC-fs_klim_0-0.02-0.301_2-0.02-0.301-all-GCcomb_schoneberg2024-bbn_planck2018-ns10_physical-prior_LCDM_folpsD_Ano_eft_30_ACPT.
[000468.16] [0/4] 11-14 10:19  MCMCSampler               INFO     Diagnostics:
[000468.28] [0/4] 11-14 10:19  Diagnostics               INFO     - max eigen Gelman-Rubin - 1 is 114; not < 0.03.
[000468.40] [0/4] 11-14 10:19  Diagnostics               INFO     - max diag Gelman-Rubin - 1 is 12.8.
[000468.83] [0/4] 11-14 10:19  Diagnostics               INFO     - max diag Gelman-Rubin - 1 at 1.0 sigmas is 16.1.
[000468.89] [0/4] 11-14 10:19  Diagnostics               INFO     - max Geweke is 139.
[000468.89] [0/4] 11-14 10:19  Diagnostics               INFO     - Geweke p-value is 9.21e-49.
[000468.92] [0/4] 11-14 10:19  Diagnostics               INFO     - effective sample size = (600 iterations / integrated autocorrelation time) is 8.76.
[000468.92] [0/4] 11-14 10:19  Diagnostics               INFO     - max variation of integrated autocorrelation time is 1.18.
[000468.92] [0/4] 11-14 10:19  Diagnostics               INFO     - current mean acceptance rate is 0.399.
[000468.92] [0/4] 11-14 10:19  Diagnostics               INFO     - total mean acceptance rate is 0.224.
[000469.03] [0/4] 11-14 10:19  MCMCSampler               INFO     Updating proposal covariance.
[000499.13] [0/4] 11-14 10:20  MCMCSampler               INFO     572 steps, acceptance rate 0.416.
[000506.86] [0/4] 11-14 10:20  Chain                     INFO     Saving /global/cfs/cdirs/desicollab/users/prakharb/folpsD_paper_chains/y1_chains/base/correct_measurements/MCMC-fs_klim_0-0.02-0.301_2-0.02-0.301-all-GCcomb_schoneberg2024-bbn_planck2018-ns10_physical-prior_LCDM_folpsD_Ano_eft_30_ACPT.
[000506.96] [0/4] 11-14 10:20  MCMCSampler               INFO     Diagnostics:
[000507.08] [0/4] 11-14 10:20  Diagnostics               INFO     - max eigen Gelman-Rubin - 1 is 132; not < 0.03.
[000507.20] [0/4] 11-14 10:20  Diagnostics               INFO     - max diag Gelman-Rubin - 1 is 4.49.
[000507.65] [0/4] 11-14 10:20  Diagnostics               INFO     - max diag Gelman-Rubin - 1 at 1.0 sigmas is 6.8.
[000507.72] [0/4] 11-14 10:20  Diagnostics               INFO     - max Geweke is 15.4.
[000507.72] [0/4] 11-14 10:20  Diagnostics               INFO     - Geweke p-value is 8.76e-23.
[000507.75] [0/4] 11-14 10:20  Diagnostics               INFO     - effective sample size = (750 iterations / integrated autocorrelation time) is 9.49.
[000507.75] [0/4] 11-14 10:20  Diagnostics               INFO     - max variation of integrated autocorrelation time is 2.3.
[000507.75] [0/4] 11-14 10:20  Diagnostics               INFO     - current mean acceptance rate is 0.423.
[000507.75] [0/4] 11-14 10:20  Diagnostics               INFO     - total mean acceptance rate is 0.248.
[000507.85] [0/4] 11-14 10:20  MCMCSampler               INFO     Updating proposal covariance.
[000537.88] [0/4] 11-14 10:20  MCMCSampler               INFO     597 steps, acceptance rate 0.402.
[000545.01] [0/4] 11-14 10:20  Chain                     INFO     Saving /global/cfs/cdirs/desicollab/users/prakharb/folpsD_paper_chains/y1_chains/base/correct_measurements/MCMC-fs_klim_0-0.02-0.301_2-0.02-0.301-all-GCcomb_schoneberg2024-bbn_planck2018-ns10_physical-prior_LCDM_folpsD_Ano_eft_30_ACPT.
[000545.13] [0/4] 11-14 10:20  MCMCSampler               INFO     Diagnostics:
[000545.25] [0/4] 11-14 10:20  Diagnostics               INFO     - max eigen Gelman-Rubin - 1 is 246; not < 0.03.
[000545.37] [0/4] 11-14 10:20  Diagnostics               INFO     - max diag Gelman-Rubin - 1 is 5.52.
[000545.84] [0/4] 11-14 10:20  Diagnostics               INFO     - max diag Gelman-Rubin - 1 at 1.0 sigmas is 6.62.
[000545.91] [0/4] 11-14 10:21  Diagnostics               INFO     - max Geweke is 6.97.
[000545.91] [0/4] 11-14 10:21  Diagnostics               INFO     - Geweke p-value is 1.57e-12.
[000545.94] [0/4] 11-14 10:21  Diagnostics               INFO     - effective sample size = (900 iterations / integrated autocorrelation time) is 8.61.
[000545.94] [0/4] 11-14 10:21  Diagnostics               INFO     - max variation of integrated autocorrelation time is 1.23.
[000545.94] [0/4] 11-14 10:21  Diagnostics               INFO     - current mean acceptance rate is 0.404.
[000545.94] [0/4] 11-14 10:21  Diagnostics               INFO     - total mean acceptance rate is 0.265.
[000546.04] [0/4] 11-14 10:21  MCMCSampler               INFO     Updating proposal covariance.
[000576.21] [0/4] 11-14 10:21  MCMCSampler               INFO     610 steps, acceptance rate 0.384.
[000585.00] [0/4] 11-14 10:21  Chain                     INFO     Saving /global/cfs/cdirs/desicollab/users/prakharb/folpsD_paper_chains/y1_chains/base/correct_measurements/MCMC-fs_klim_0-0.02-0.301_2-0.02-0.301-all-GCcomb_schoneberg2024-bbn_planck2018-ns10_physical-prior_LCDM_folpsD_Ano_eft_30_ACPT.
[000585.08] [0/4] 11-14 10:21  MCMCSampler               INFO     Diagnostics:
[000585.20] [0/4] 11-14 10:21  Diagnostics               INFO     - max eigen Gelman-Rubin - 1 is 108; not < 0.03.
[000585.32] [0/4] 11-14 10:21  Diagnostics               INFO     - max diag Gelman-Rubin - 1 is 2.2.
[000585.81] [0/4] 11-14 10:21  Diagnostics               INFO     - max diag Gelman-Rubin - 1 at 1.0 sigmas is 4.57.
[000585.88] [0/4] 11-14 10:21  Diagnostics               INFO     - max Geweke is 6.59.
[000585.88] [0/4] 11-14 10:21  Diagnostics               INFO     - Geweke p-value is 1.96e-11.
[000585.91] [0/4] 11-14 10:21  Diagnostics               INFO     - effective sample size = (1050 iterations / integrated autocorrelation time) is 8.71.
[000585.91] [0/4] 11-14 10:21  Diagnostics               INFO     - max variation of integrated autocorrelation time is 0.9.
[000585.91] [0/4] 11-14 10:21  Diagnostics               INFO     - current mean acceptance rate is 0.381.
[000585.91] [0/4] 11-14 10:21  Diagnostics               INFO     - total mean acceptance rate is 0.277.
[000586.01] [0/4] 11-14 10:21  MCMCSampler               INFO     Updating proposal covariance.
[000616.19] [0/4] 11-14 10:22  MCMCSampler               INFO     662 steps, acceptance rate 0.338.
[000625.80] [0/4] 11-14 10:22  Chain                     INFO     Saving /global/cfs/cdirs/desicollab/users/prakharb/folpsD_paper_chains/y1_chains/base/correct_measurements/MCMC-fs_klim_0-0.02-0.301_2-0.02-0.301-all-GCcomb_schoneberg2024-bbn_planck2018-ns10_physical-prior_LCDM_folpsD_Ano_eft_30_ACPT.
[000625.91] [0/4] 11-14 10:22  MCMCSampler               INFO     Diagnostics:
[000626.03] [0/4] 11-14 10:22  Diagnostics               INFO     - max eigen Gelman-Rubin - 1 is 137; not < 0.03.
[000626.15] [0/4] 11-14 10:22  Diagnostics               INFO     - max diag Gelman-Rubin - 1 is 2.33.
[000626.67] [0/4] 11-14 10:22  Diagnostics               INFO     - max diag Gelman-Rubin - 1 at 1.0 sigmas is 3.73.
[000626.74] [0/4] 11-14 10:22  Diagnostics               INFO     - max Geweke is 6.54.
[000626.74] [0/4] 11-14 10:22  Diagnostics               INFO     - Geweke p-value is 3.62e-16.
[000626.77] [0/4] 11-14 10:22  Diagnostics               INFO     - effective sample size = (1200 iterations / integrated autocorrelation time) is 15.1.
[000626.77] [0/4] 11-14 10:22  Diagnostics               INFO     - max variation of integrated autocorrelation time is 3.47.
[000626.77] [0/4] 11-14 10:22  Diagnostics               INFO     - current mean acceptance rate is 0.358.
[000626.77] [0/4] 11-14 10:22  Diagnostics               INFO     - total mean acceptance rate is 0.285.
[000626.87] [0/4] 11-14 10:22  MCMCSampler               INFO     Updating proposal covariance.
[000657.01] [0/4] 11-14 10:22  MCMCSampler               INFO     718 steps, acceptance rate 0.291.
[000670.69] [0/4] 11-14 10:23  Chain                     INFO     Saving /global/cfs/cdirs/desicollab/users/prakharb/folpsD_paper_chains/y1_chains/base/correct_measurements/MCMC-fs_klim_0-0.02-0.301_2-0.02-0.301-all-GCcomb_schoneberg2024-bbn_planck2018-ns10_physical-prior_LCDM_folpsD_Ano_eft_30_ACPT.
[000670.79] [0/4] 11-14 10:23  MCMCSampler               INFO     Diagnostics:
[000670.91] [0/4] 11-14 10:23  Diagnostics               INFO     - max eigen Gelman-Rubin - 1 is 119; not < 0.03.
[000671.03] [0/4] 11-14 10:23  Diagnostics               INFO     - max diag Gelman-Rubin - 1 is 2.51.
[000671.57] [0/4] 11-14 10:23  Diagnostics               INFO     - max diag Gelman-Rubin - 1 at 1.0 sigmas is 4.03.
[000671.64] [0/4] 11-14 10:23  Diagnostics               INFO     - max Geweke is 15.1.
[000671.64] [0/4] 11-14 10:23  Diagnostics               INFO     - Geweke p-value is 1.46e-27.
[000671.67] [0/4] 11-14 10:23  Diagnostics               INFO     - effective sample size = (1350 iterations / integrated autocorrelation time) is 10.6.
[000671.67] [0/4] 11-14 10:23  Diagnostics               INFO     - max variation of integrated autocorrelation time is 1.94.
[000671.67] [0/4] 11-14 10:23  Diagnostics               INFO     - current mean acceptance rate is 0.29.
[000671.67] [0/4] 11-14 10:23  Diagnostics               INFO     - total mean acceptance rate is 0.285.
[000671.78] [0/4] 11-14 10:23  MCMCSampler               INFO     Updating proposal covariance.
[000702.00] [0/4] 11-14 10:23  MCMCSampler               INFO     707 steps, acceptance rate 0.281.
[000719.97] [0/4] 11-14 10:23  Chain                     INFO     Saving /global/cfs/cdirs/desicollab/users/prakharb/folpsD_paper_chains/y1_chains/base/correct_measurements/MCMC-fs_klim_0-0.02-0.301_2-0.02-0.301-all-GCcomb_schoneberg2024-bbn_planck2018-ns10_physical-prior_LCDM_folpsD_Ano_eft_30_ACPT.
[000720.06] [0/4] 11-14 10:23  MCMCSampler               INFO     Diagnostics:
[000720.19] [0/4] 11-14 10:23  Diagnostics               INFO     - max eigen Gelman-Rubin - 1 is 74.2; not < 0.03.
[000720.31] [0/4] 11-14 10:23  Diagnostics               INFO     - max diag Gelman-Rubin - 1 is 3.97.
[000720.87] [0/4] 11-14 10:23  Diagnostics               INFO     - max diag Gelman-Rubin - 1 at 1.0 sigmas is 6.29.
[000720.94] [0/4] 11-14 10:23  Diagnostics               INFO     - max Geweke is 11.
[000720.94] [0/4] 11-14 10:23  Diagnostics               INFO     - Geweke p-value is 1.39e-26.
[000720.97] [0/4] 11-14 10:23  Diagnostics               INFO     - effective sample size = (1500 iterations / integrated autocorrelation time) is 9.09.
[000720.97] [0/4] 11-14 10:23  Diagnostics               INFO     - max variation of integrated autocorrelation time is 0.683.
[000720.97] [0/4] 11-14 10:23  Diagnostics               INFO     - current mean acceptance rate is 0.258.
[000720.97] [0/4] 11-14 10:23  Diagnostics               INFO     - total mean acceptance rate is 0.282.
[000721.07] [0/4] 11-14 10:23  MCMCSampler               INFO     Updating proposal covariance.
[000751.11] [0/4] 11-14 10:24  MCMCSampler               INFO     712 steps, acceptance rate 0.247.
[000772.46] [0/4] 11-14 10:24  Chain                     INFO     Saving /global/cfs/cdirs/desicollab/users/prakharb/folpsD_paper_chains/y1_chains/base/correct_measurements/MCMC-fs_klim_0-0.02-0.301_2-0.02-0.301-all-GCcomb_schoneberg2024-bbn_planck2018-ns10_physical-prior_LCDM_folpsD_Ano_eft_30_ACPT.
[000772.58] [0/4] 11-14 10:24  MCMCSampler               INFO     Diagnostics:
[000772.71] [0/4] 11-14 10:24  Diagnostics               INFO     - max eigen Gelman-Rubin - 1 is 77.5; not < 0.03.
[000772.83] [0/4] 11-14 10:24  Diagnostics               INFO     - max diag Gelman-Rubin - 1 is 5.73.
[000773.41] [0/4] 11-14 10:24  Diagnostics               INFO     - max diag Gelman-Rubin - 1 at 1.0 sigmas is 6.94.
[000773.48] [0/4] 11-14 10:24  Diagnostics               INFO     - max Geweke is 8.3.
[000773.48] [0/4] 11-14 10:24  Diagnostics               INFO     - Geweke p-value is 1.13e-16.
[000773.51] [0/4] 11-14 10:24  Diagnostics               INFO     - effective sample size = (1650 iterations / integrated autocorrelation time) is 8.89.
[000773.51] [0/4] 11-14 10:24  Diagnostics               INFO     - max variation of integrated autocorrelation time is 0.686.
[000773.51] [0/4] 11-14 10:24  Diagnostics               INFO     - current mean acceptance rate is 0.238.
[000773.51] [0/4] 11-14 10:24  Diagnostics               INFO     - total mean acceptance rate is 0.278.
[000773.61] [0/4] 11-14 10:24  MCMCSampler               INFO     Updating proposal covariance.
[000803.73] [0/4] 11-14 10:25  MCMCSampler               INFO     811 steps, acceptance rate 0.203.
[000827.66] [0/4] 11-14 10:25  Chain                     INFO     Saving /global/cfs/cdirs/desicollab/users/prakharb/folpsD_paper_chains/y1_chains/base/correct_measurements/MCMC-fs_klim_0-0.02-0.301_2-0.02-0.301-all-GCcomb_schoneberg2024-bbn_planck2018-ns10_physical-prior_LCDM_folpsD_Ano_eft_30_ACPT.
[000827.81] [0/4] 11-14 10:25  MCMCSampler               INFO     Diagnostics:
[000827.94] [0/4] 11-14 10:25  Diagnostics               INFO     - max eigen Gelman-Rubin - 1 is 49.3; not < 0.03.
[000828.06] [0/4] 11-14 10:25  Diagnostics               INFO     - max diag Gelman-Rubin - 1 is 3.47.
[000828.67] [0/4] 11-14 10:25  Diagnostics               INFO     - max diag Gelman-Rubin - 1 at 1.0 sigmas is 4.89.
[000828.74] [0/4] 11-14 10:25  Diagnostics               INFO     - max Geweke is 10.9.
[000828.74] [0/4] 11-14 10:25  Diagnostics               INFO     - Geweke p-value is 5.56e-26.
[000828.77] [0/4] 11-14 10:25  Diagnostics               INFO     - effective sample size = (1800 iterations / integrated autocorrelation time) is 11.4.
[000828.77] [0/4] 11-14 10:25  Diagnostics               INFO     - max variation of integrated autocorrelation time is 0.668.
[000828.77] [0/4] 11-14 10:25  Diagnostics               INFO     - current mean acceptance rate is 0.207.
[000828.77] [0/4] 11-14 10:25  Diagnostics               INFO     - total mean acceptance rate is 0.27.
[000828.87] [0/4] 11-14 10:25  MCMCSampler               INFO     Updating proposal covariance.
[000859.29] [0/4] 11-14 10:26  MCMCSampler               INFO     778 steps, acceptance rate 0.252.
[000878.79] [0/4] 11-14 10:26  Chain                     INFO     Saving /global/cfs/cdirs/desicollab/users/prakharb/folpsD_paper_chains/y1_chains/base/correct_measurements/MCMC-fs_klim_0-0.02-0.301_2-0.02-0.301-all-GCcomb_schoneberg2024-bbn_planck2018-ns10_physical-prior_LCDM_folpsD_Ano_eft_30_ACPT.
[000878.88] [0/4] 11-14 10:26  MCMCSampler               INFO     Diagnostics:
[000879.00] [0/4] 11-14 10:26  Diagnostics               INFO     - max eigen Gelman-Rubin - 1 is 49.6; not < 0.03.
[000879.12] [0/4] 11-14 10:26  Diagnostics               INFO     - max diag Gelman-Rubin - 1 is 2.55.
[000879.76] [0/4] 11-14 10:26  Diagnostics               INFO     - max diag Gelman-Rubin - 1 at 1.0 sigmas is 3.98.
[000879.83] [0/4] 11-14 10:26  Diagnostics               INFO     - max Geweke is 8.03.
[000879.83] [0/4] 11-14 10:26  Diagnostics               INFO     - Geweke p-value is 4.32e-14.
[000879.86] [0/4] 11-14 10:26  Diagnostics               INFO     - effective sample size = (1950 iterations / integrated autocorrelation time) is 13.4.
[000879.86] [0/4] 11-14 10:26  Diagnostics               INFO     - max variation of integrated autocorrelation time is 0.959.
[000879.86] [0/4] 11-14 10:26  Diagnostics               INFO     - current mean acceptance rate is 0.203.
[000879.86] [0/4] 11-14 10:26  Diagnostics               INFO     - total mean acceptance rate is 0.263.
[000879.97] [0/4] 11-14 10:26  MCMCSampler               INFO     Updating proposal covariance.
[000910.08] [0/4] 11-14 10:27  MCMCSampler               INFO     816 steps, acceptance rate 0.219.
[000934.68] [0/4] 11-14 10:27  Chain                     INFO     Saving /global/cfs/cdirs/desicollab/users/prakharb/folpsD_paper_chains/y1_chains/base/correct_measurements/MCMC-fs_klim_0-0.02-0.301_2-0.02-0.301-all-GCcomb_schoneberg2024-bbn_planck2018-ns10_physical-prior_LCDM_folpsD_Ano_eft_30_ACPT.
[000934.76] [0/4] 11-14 10:27  MCMCSampler               INFO     Diagnostics:
[000934.88] [0/4] 11-14 10:27  Diagnostics               INFO     - max eigen Gelman-Rubin - 1 is 44.6; not < 0.03.
[000935.00] [0/4] 11-14 10:27  Diagnostics               INFO     - max diag Gelman-Rubin - 1 is 2.4.
[000935.66] [0/4] 11-14 10:27  Diagnostics               INFO     - max diag Gelman-Rubin - 1 at 1.0 sigmas is 4.1.
[000935.73] [0/4] 11-14 10:27  Diagnostics               INFO     - max Geweke is 5.38.
[000935.73] [0/4] 11-14 10:27  Diagnostics               INFO     - Geweke p-value is 7.16e-13.
[000935.76] [0/4] 11-14 10:27  Diagnostics               INFO     - effective sample size = (2100 iterations / integrated autocorrelation time) is 15.7.
[000935.76] [0/4] 11-14 10:27  Diagnostics               INFO     - max variation of integrated autocorrelation time is 1.69.
[000935.76] [0/4] 11-14 10:27  Diagnostics               INFO     - current mean acceptance rate is 0.201.
[000935.76] [0/4] 11-14 10:27  Diagnostics               INFO     - total mean acceptance rate is 0.258.
[000935.86] [0/4] 11-14 10:27  MCMCSampler               INFO     Updating proposal covariance.
[000965.87] [0/4] 11-14 10:28  MCMCSampler               INFO     921 steps, acceptance rate 0.160.
[000991.75] [0/4] 11-14 10:28  Chain                     INFO     Saving /global/cfs/cdirs/desicollab/users/prakharb/folpsD_paper_chains/y1_chains/base/correct_measurements/MCMC-fs_klim_0-0.02-0.301_2-0.02-0.301-all-GCcomb_schoneberg2024-bbn_planck2018-ns10_physical-prior_LCDM_folpsD_Ano_eft_30_ACPT.
[000991.87] [0/4] 11-14 10:28  MCMCSampler               INFO     Diagnostics:
[000992.00] [0/4] 11-14 10:28  Diagnostics               INFO     - max eigen Gelman-Rubin - 1 is 31; not < 0.03.
[000992.12] [0/4] 11-14 10:28  Diagnostics               INFO     - max diag Gelman-Rubin - 1 is 1.49.
[000992.80] [0/4] 11-14 10:28  Diagnostics               INFO     - max diag Gelman-Rubin - 1 at 1.0 sigmas is 4.1.
[000992.87] [0/4] 11-14 10:28  Diagnostics               INFO     - max Geweke is 7.45.
[000992.87] [0/4] 11-14 10:28  Diagnostics               INFO     - Geweke p-value is 5.99e-15.
[000992.90] [0/4] 11-14 10:28  Diagnostics               INFO     - effective sample size = (2250 iterations / integrated autocorrelation time) is 14.7.
[000992.90] [0/4] 11-14 10:28  Diagnostics               INFO     - max variation of integrated autocorrelation time is 0.564.
[000992.90] [0/4] 11-14 10:28  Diagnostics               INFO     - current mean acceptance rate is 0.182.
[000992.90] [0/4] 11-14 10:28  Diagnostics               INFO     - total mean acceptance rate is 0.251.
[000993.00] [0/4] 11-14 10:28  MCMCSampler               INFO     Updating proposal covariance.
[001023.18] [0/4] 11-14 10:28  MCMCSampler               INFO     815 steps, acceptance rate 0.201.
[001049.95] [0/4] 11-14 10:29  Chain                     INFO     Saving /global/cfs/cdirs/desicollab/users/prakharb/folpsD_paper_chains/y1_chains/base/correct_measurements/MCMC-fs_klim_0-0.02-0.301_2-0.02-0.301-all-GCcomb_schoneberg2024-bbn_planck2018-ns10_physical-prior_LCDM_folpsD_Ano_eft_30_ACPT.
[001050.08] [0/4] 11-14 10:29  MCMCSampler               INFO     Diagnostics:
[001050.20] [0/4] 11-14 10:29  Diagnostics               INFO     - max eigen Gelman-Rubin - 1 is 33.2; not < 0.03.
[001050.32] [0/4] 11-14 10:29  Diagnostics               INFO     - max diag Gelman-Rubin - 1 is 2.7.
[001051.02] [0/4] 11-14 10:29  Diagnostics               INFO     - max diag Gelman-Rubin - 1 at 1.0 sigmas is 4.54.
[001051.09] [0/4] 11-14 10:29  Diagnostics               INFO     - max Geweke is 4.41.
[001051.09] [0/4] 11-14 10:29  Diagnostics               INFO     - Geweke p-value is 1.17e-07.
[001051.12] [0/4] 11-14 10:29  Diagnostics               INFO     - effective sample size = (2400 iterations / integrated autocorrelation time) is 13.8.
[001051.12] [0/4] 11-14 10:29  Diagnostics               INFO     - max variation of integrated autocorrelation time is 0.552.
[001051.12] [0/4] 11-14 10:29  Diagnostics               INFO     - current mean acceptance rate is 0.189.
[001051.12] [0/4] 11-14 10:29  Diagnostics               INFO     - total mean acceptance rate is 0.246.
[001051.22] [0/4] 11-14 10:29  MCMCSampler               INFO     Updating proposal covariance.
[001081.27] [0/4] 11-14 10:29  MCMCSampler               INFO     853 steps, acceptance rate 0.196.
[001103.30] [0/4] 11-14 10:30  Chain                     INFO     Saving /global/cfs/cdirs/desicollab/users/prakharb/folpsD_paper_chains/y1_chains/base/correct_measurements/MCMC-fs_klim_0-0.02-0.301_2-0.02-0.301-all-GCcomb_schoneberg2024-bbn_planck2018-ns10_physical-prior_LCDM_folpsD_Ano_eft_30_ACPT.
[001103.40] [0/4] 11-14 10:30  MCMCSampler               INFO     Diagnostics:
[001103.53] [0/4] 11-14 10:30  Diagnostics               INFO     - max eigen Gelman-Rubin - 1 is 56.9; not < 0.03.
[001103.65] [0/4] 11-14 10:30  Diagnostics               INFO     - max diag Gelman-Rubin - 1 is 1.56.
[001104.38] [0/4] 11-14 10:30  Diagnostics               INFO     - max diag Gelman-Rubin - 1 at 1.0 sigmas is 2.88.
[001104.45] [0/4] 11-14 10:30  Diagnostics               INFO     - max Geweke is 6.42.
[001104.45] [0/4] 11-14 10:30  Diagnostics               INFO     - Geweke p-value is 3.46e-17.
[001104.48] [0/4] 11-14 10:30  Diagnostics               INFO     - effective sample size = (2550 iterations / integrated autocorrelation time) is 11.8.
[001104.48] [0/4] 11-14 10:30  Diagnostics               INFO     - max variation of integrated autocorrelation time is 0.48.
[001104.48] [0/4] 11-14 10:30  Diagnostics               INFO     - current mean acceptance rate is 0.207.
[001104.48] [0/4] 11-14 10:30  Diagnostics               INFO     - total mean acceptance rate is 0.243.
[001104.59] [0/4] 11-14 10:30  MCMCSampler               INFO     Updating proposal covariance.
[001134.75] [0/4] 11-14 10:30  MCMCSampler               INFO     862 steps, acceptance rate 0.191.
[001159.70] [0/4] 11-14 10:31  Chain                     INFO     Saving /global/cfs/cdirs/desicollab/users/prakharb/folpsD_paper_chains/y1_chains/base/correct_measurements/MCMC-fs_klim_0-0.02-0.301_2-0.02-0.301-all-GCcomb_schoneberg2024-bbn_planck2018-ns10_physical-prior_LCDM_folpsD_Ano_eft_30_ACPT.
[001159.84] [0/4] 11-14 10:31  MCMCSampler               INFO     Diagnostics:
[001159.96] [0/4] 11-14 10:31  Diagnostics               INFO     - max eigen Gelman-Rubin - 1 is 34.8; not < 0.03.
[001160.08] [0/4] 11-14 10:31  Diagnostics               INFO     - max diag Gelman-Rubin - 1 is 3.93.
[001160.84] [0/4] 11-14 10:31  Diagnostics               INFO     - max diag Gelman-Rubin - 1 at 1.0 sigmas is 4.65.
[001160.91] [0/4] 11-14 10:31  Diagnostics               INFO     - max Geweke is 5.05.
[001160.91] [0/4] 11-14 10:31  Diagnostics               INFO     - Geweke p-value is 3.52e-11.
[001160.94] [0/4] 11-14 10:31  Diagnostics               INFO     - effective sample size = (2700 iterations / integrated autocorrelation time) is 11.5.
[001160.94] [0/4] 11-14 10:31  Diagnostics               INFO     - max variation of integrated autocorrelation time is 0.82.
[001160.94] [0/4] 11-14 10:31  Diagnostics               INFO     - current mean acceptance rate is 0.193.
[001160.94] [0/4] 11-14 10:31  Diagnostics               INFO     - total mean acceptance rate is 0.239.
[001161.04] [0/4] 11-14 10:31  MCMCSampler               INFO     Updating proposal covariance.
